Using pre-set license
Built from '2021.3/staging' branch; Version is '2021.3.19f1 (c9714fde33b6) revision 13201743'; Using compiler version '192829333'; Build Type 'Release'
OS: 'Windows 11  (10.0.22621) 64bit Core' Language: 'en' Physical Memory: 32452 MB
BatchMode: 1, IsHumanControllingUs: 0, StartBugReporterOnCrash: 0, Is64bit: 1, IsPro: 1

COMMAND LINE ARGUMENTS:
C:\Program Files\Unity\Hub\Editor\2021.3.19f1\Editor\Unity.exe
-adb2
-batchMode
-noUpm
-name
AssetImportWorker0
-projectPath
C:/Users/pinkt/Documents/GitHub/Racoon2/Raccoon
-logFile
Logs/AssetImportWorker0.log
-srvPort
51808
Successfully changed project path to: C:/Users/pinkt/Documents/GitHub/Racoon2/Raccoon
C:/Users/pinkt/Documents/GitHub/Racoon2/Raccoon
[UnityMemory] Configuration Parameters - Can be set up in boot.config
    "memorysetup-bucket-allocator-granularity=16"
    "memorysetup-bucket-allocator-bucket-count=8"
    "memorysetup-bucket-allocator-block-size=33554432"
    "memorysetup-bucket-allocator-block-count=8"
    "memorysetup-main-allocator-block-size=16777216"
    "memorysetup-thread-allocator-block-size=16777216"
    "memorysetup-gfx-main-allocator-block-size=16777216"
    "memorysetup-gfx-thread-allocator-block-size=16777216"
    "memorysetup-cache-allocator-block-size=4194304"
    "memorysetup-typetree-allocator-block-size=2097152"
    "memorysetup-profiler-bucket-allocator-granularity=16"
    "memorysetup-profiler-bucket-allocator-bucket-count=8"
    "memorysetup-profiler-bucket-allocator-block-size=33554432"
    "memorysetup-profiler-bucket-allocator-block-count=8"
    "memorysetup-profiler-allocator-block-size=16777216"
    "memorysetup-profiler-editor-allocator-block-size=1048576"
    "memorysetup-temp-allocator-size-main=16777216"
    "memorysetup-job-temp-allocator-block-size=2097152"
    "memorysetup-job-temp-allocator-block-size-background=1048576"
    "memorysetup-job-temp-allocator-reduction-small-platforms=262144"
    "memorysetup-temp-allocator-size-background-worker=32768"
    "memorysetup-temp-allocator-size-job-worker=262144"
    "memorysetup-temp-allocator-size-preload-manager=33554432"
    "memorysetup-temp-allocator-size-nav-mesh-worker=65536"
    "memorysetup-temp-allocator-size-audio-worker=65536"
    "memorysetup-temp-allocator-size-cloud-worker=32768"
    "memorysetup-temp-allocator-size-gi-baking-worker=262144"
    "memorysetup-temp-allocator-size-gfx=262144"
Player connection [16004] Host "[IP] 192.168.1.48 [Port] 0 [Flags] 2 [Guid] 797995114 [EditorId] 797995114 [Version] 1048832 [Id] WindowsEditor(7,DESKTOP-FPVM4A3) [Debug] 1 [PackageName] WindowsEditor [ProjectName] Editor" joined multi-casting on [225.0.0.222:54997]...

Player connection [16004] Host "[IP] 192.168.1.48 [Port] 0 [Flags] 2 [Guid] 797995114 [EditorId] 797995114 [Version] 1048832 [Id] WindowsEditor(7,DESKTOP-FPVM4A3) [Debug] 1 [PackageName] WindowsEditor [ProjectName] Editor" joined alternative multi-casting on [225.0.0.222:34997]...

Refreshing native plugins compatible for Editor in 65.76 ms, found 3 plugins.
Preloading 0 native plugins for Editor in 0.00 ms.
Initialize engine version: 2021.3.19f1 (c9714fde33b6)
[Subsystems] Discovering subsystems at path C:/Program Files/Unity/Hub/Editor/2021.3.19f1/Editor/Data/Resources/UnitySubsystems
[Subsystems] Discovering subsystems at path C:/Users/pinkt/Documents/GitHub/Racoon2/Raccoon/Assets
GfxDevice: creating device client; threaded=0; jobified=0
Direct3D:
    Version:  Direct3D 11.0 [level 11.1]
    Renderer: NVIDIA GeForce RTX 3070 Ti Laptop GPU (ID=0x24e0)
    Vendor:   NVIDIA
    VRAM:     8043 MB
    Driver:   30.0.15.1272
Initialize mono
Mono path[0] = 'C:/Program Files/Unity/Hub/Editor/2021.3.19f1/Editor/Data/Managed'
Mono path[1] = 'C:/Program Files/Unity/Hub/Editor/2021.3.19f1/Editor/Data/MonoBleedingEdge/lib/mono/unityjit-win32'
Mono config path = 'C:/Program Files/Unity/Hub/Editor/2021.3.19f1/Editor/Data/MonoBleedingEdge/etc'
Using monoOptions --debugger-agent=transport=dt_socket,embedding=1,server=y,suspend=n,address=127.0.0.1:56904
Begin MonoManager ReloadAssembly
Registering precompiled unity dll's ...
Register platform support module: C:/Program Files/Unity/Hub/Editor/2021.3.19f1/Editor/Data/PlaybackEngines/WebGLSupport/UnityEditor.WebGL.Extensions.dll
Register platform support module: C:/Program Files/Unity/Hub/Editor/2021.3.19f1/Editor/Data/PlaybackEngines/MacStandaloneSupport/UnityEditor.OSXStandalone.Extensions.dll
Register platform support module: C:/Program Files/Unity/Hub/Editor/2021.3.19f1/Editor/Data/PlaybackEngines/AndroidPlayer/UnityEditor.Android.Extensions.dll
Register platform support module: C:/Program Files/Unity/Hub/Editor/2021.3.19f1/Editor/Data/PlaybackEngines/WindowsStandaloneSupport/UnityEditor.WindowsStandalone.Extensions.dll
Registered in 0.005378 seconds.
Native extension for WindowsStandalone target not found
Native extension for Android target not found
Android Extension - Scanning For ADB Devices 235 ms
Native extension for OSXStandalone target not found
Native extension for WebGL target not found
Refreshing native plugins compatible for Editor in 54.12 ms, found 3 plugins.
Preloading 0 native plugins for Editor in 0.00 ms.
Mono: successfully reloaded assembly
- Completed reload, in  0.736 seconds
Domain Reload Profiling:
	ReloadAssembly (736ms)
		BeginReloadAssembly (56ms)
			ExecutionOrderSort (0ms)
			DisableScriptedObjects (0ms)
			BackupInstance (0ms)
			ReleaseScriptingObjects (0ms)
			CreateAndSetChildDomain (1ms)
		EndReloadAssembly (598ms)
			LoadAssemblies (55ms)
			RebuildTransferFunctionScriptingTraits (0ms)
			SetupTypeCache (80ms)
			ReleaseScriptCaches (0ms)
			RebuildScriptCaches (20ms)
			SetupLoadedEditorAssemblies (461ms)
				LogAssemblyErrors (0ms)
				InitializePlatformSupportModulesInManaged (297ms)
				SetLoadedEditorAssemblies (0ms)
				RefreshPlugins (54ms)
				BeforeProcessingInitializeOnLoad (1ms)
				ProcessInitializeOnLoadAttributes (72ms)
				ProcessInitializeOnLoadMethodAttributes (37ms)
				AfterProcessingInitializeOnLoad (0ms)
				EditorAssembliesLoaded (0ms)
			ExecutionOrderSort2 (0ms)
			AwakeInstancesAfterBackupRestoration (0ms)
Platform modules already initialized, skipping
Registering precompiled user dll's ...
Registered in 0.005033 seconds.
Begin MonoManager ReloadAssembly
Symbol file LoadedFromMemory doesn't match image C:\Users\pinkt\Documents\GitHub\Racoon2\Raccoon\Library\PackageCache\com.unity.visualscripting@1.8.0\Editor\VisualScripting.Core\Dependencies\YamlDotNet\Unity.VisualScripting.YamlDotNet.dll
Symbol file LoadedFromMemory doesn't match image C:\Users\pinkt\Documents\GitHub\Racoon2\Raccoon\Library\PackageCache\com.unity.visualscripting@1.8.0\Editor\VisualScripting.Core\Dependencies\DotNetZip\Unity.VisualScripting.IonicZip.dll
Native extension for WindowsStandalone target not found
Native extension for Android target not found
Native extension for OSXStandalone target not found
Native extension for WebGL target not found
Refreshing native plugins compatible for Editor in 0.38 ms, found 3 plugins.
Preloading 0 native plugins for Editor in 0.00 ms.
Mono: successfully reloaded assembly
- Completed reload, in  0.749 seconds
Domain Reload Profiling:
	ReloadAssembly (750ms)
		BeginReloadAssembly (84ms)
			ExecutionOrderSort (0ms)
			DisableScriptedObjects (4ms)
			BackupInstance (0ms)
			ReleaseScriptingObjects (0ms)
			CreateAndSetChildDomain (18ms)
		EndReloadAssembly (589ms)
			LoadAssemblies (62ms)
			RebuildTransferFunctionScriptingTraits (0ms)
			SetupTypeCache (173ms)
			ReleaseScriptCaches (0ms)
			RebuildScriptCaches (40ms)
			SetupLoadedEditorAssemblies (272ms)
				LogAssemblyErrors (0ms)
				InitializePlatformSupportModulesInManaged (16ms)
				SetLoadedEditorAssemblies (0ms)
				RefreshPlugins (1ms)
				BeforeProcessingInitializeOnLoad (61ms)
				ProcessInitializeOnLoadAttributes (173ms)
				ProcessInitializeOnLoadMethodAttributes (17ms)
				AfterProcessingInitializeOnLoad (5ms)
				EditorAssembliesLoaded (0ms)
			ExecutionOrderSort2 (0ms)
			AwakeInstancesAfterBackupRestoration (5ms)
Platform modules already initialized, skipping
========================================================================
Worker process is ready to serve import requests
Launched and connected shader compiler UnityShaderCompiler.exe after 0.04 seconds
Refreshing native plugins compatible for Editor in 0.45 ms, found 3 plugins.
Preloading 0 native plugins for Editor in 0.00 ms.
Unloading 3264 Unused Serialized files (Serialized files now loaded: 0)
Unloading 37 unused Assets / (184.3 KB). Loaded Objects now: 3726.
Memory consumption went from 117.3 MB to 117.1 MB.
Total: 2.614800 ms (FindLiveObjects: 0.181900 ms CreateObjectMapping: 0.077200 ms MarkObjects: 2.243000 ms  DeleteObjects: 0.111700 ms)

AssetImportParameters requested are different than current active one (requested -> active):
  custom:video-decoder-ogg-theora: a1e56fd34408186e4bbccfd4996cb3dc -> 
  custom:container-muxer-webm: aa71ff27fc2769a1b78a27578f13a17b -> 
  custom:container-demuxer-webm: 4f35f7cbe854078d1ac9338744f61a02 -> 
  custom:video-encoder-webm-vp8: eb34c28f22e8b96e1ab97ce403110664 -> 
  custom:video-codec-MediaFoundation-h265: 746d11721c4dcdbdad8f713fa42b33f4 -> 
  custom:audio-encoder-webm-vorbis: bf7c407c2cedff20999df2af8eb42d56 -> 
  custom:framework-win-MediaFoundation: 216162199b28c13a410421893ffa2e32 -> 
  custom:container-demuxer-ogg: 62fdf1f143b41e24485cea50d1cbac27 -> 
  custom:video-decoder-webm-vp8: 9c59270c3fd7afecdb556c50c9e8de78 -> 
  custom:audio-decoder-ogg-vorbis: bf7c407c2cedff20999df2af8eb42d56 -> 
========================================================================
Received Import Request.
  Time since last request: 13492.655480 seconds.
  path: Assets/RacoonFriesYikesV2.unity
  artifactKey: Guid(f44ed570d73488c4bbdfae2439850921) Importer(815301076,1909f56bfc062723c751e8b465ee728b)
Start importing Assets/RacoonFriesYikesV2.unity using Guid(f44ed570d73488c4bbdfae2439850921) Importer(815301076,1909f56bfc062723c751e8b465ee728b)  -> (artifact id: '6479dac829856fa430e67e8ea47604df') in 0.008824 seconds 
========================================================================
Received Import Request.
  Time since last request: 199.136929 seconds.
  path: Assets/RaccoonTimeline.playable
  artifactKey: Guid(5e9a3252d20ae0345ac14cde0732817d) Importer(815301076,1909f56bfc062723c751e8b465ee728b)
Start importing Assets/RaccoonTimeline.playable using Guid(5e9a3252d20ae0345ac14cde0732817d) Importer(815301076,1909f56bfc062723c751e8b465ee728b)  -> (artifact id: 'bc6e0059e49b2775999389bc1ffa6f56') in 0.024359 seconds 
========================================================================
Received Import Request.
  Time since last request: 89.669624 seconds.
  path: Assets/Casual 1.prefab
  artifactKey: Guid(8a7d22c4680ecfc44b9289a2ec232ab4) Importer(815301076,1909f56bfc062723c751e8b465ee728b)
Start importing Assets/Casual 1.prefab using Guid(8a7d22c4680ecfc44b9289a2ec232ab4) Importer(815301076,1909f56bfc062723c751e8b465ee728b)  -> (artifact id: '2c7f32c172b40f158992eca0f281a009') in 0.203426 seconds 
========================================================================
Received Prepare
Registering precompiled user dll's ...
Registered in 0.005262 seconds.
Begin MonoManager ReloadAssembly
Symbol file LoadedFromMemory doesn't match image C:\Users\pinkt\Documents\GitHub\Racoon2\Raccoon\Library\PackageCache\com.unity.visualscripting@1.8.0\Editor\VisualScripting.Core\Dependencies\YamlDotNet\Unity.VisualScripting.YamlDotNet.dll
Symbol file LoadedFromMemory doesn't match image C:\Users\pinkt\Documents\GitHub\Racoon2\Raccoon\Library\PackageCache\com.unity.visualscripting@1.8.0\Editor\VisualScripting.Core\Dependencies\DotNetZip\Unity.VisualScripting.IonicZip.dll
Native extension for WindowsStandalone target not found
Native extension for Android target not found
Native extension for OSXStandalone target not found
Native extension for WebGL target not found
Refreshing native plugins compatible for Editor in 0.41 ms, found 3 plugins.
Preloading 0 native plugins for Editor in 0.00 ms.
Mono: successfully reloaded assembly
- Completed reload, in  0.835 seconds
Domain Reload Profiling:
	ReloadAssembly (836ms)
		BeginReloadAssembly (130ms)
			ExecutionOrderSort (0ms)
			DisableScriptedObjects (4ms)
			BackupInstance (0ms)
			ReleaseScriptingObjects (0ms)
			CreateAndSetChildDomain (39ms)
		EndReloadAssembly (621ms)
			LoadAssemblies (72ms)
			RebuildTransferFunctionScriptingTraits (0ms)
			SetupTypeCache (222ms)
			ReleaseScriptCaches (1ms)
			RebuildScriptCaches (32ms)
			SetupLoadedEditorAssemblies (254ms)
				LogAssemblyErrors (0ms)
				InitializePlatformSupportModulesInManaged (22ms)
				SetLoadedEditorAssemblies (0ms)
				RefreshPlugins (0ms)
				BeforeProcessingInitializeOnLoad (42ms)
				ProcessInitializeOnLoadAttributes (163ms)
				ProcessInitializeOnLoadMethodAttributes (18ms)
				AfterProcessingInitializeOnLoad (7ms)
				EditorAssembliesLoaded (0ms)
			ExecutionOrderSort2 (0ms)
			AwakeInstancesAfterBackupRestoration (6ms)
Platform modules already initialized, skipping
Refreshing native plugins compatible for Editor in 1.82 ms, found 3 plugins.
Preloading 0 native plugins for Editor in 0.00 ms.
Unloading 3247 Unused Serialized files (Serialized files now loaded: 0)
Unloading 18 unused Assets / (150.7 KB). Loaded Objects now: 3752.
Memory consumption went from 132.8 MB to 132.6 MB.
Total: 3.188100 ms (FindLiveObjects: 0.218700 ms CreateObjectMapping: 0.077700 ms MarkObjects: 2.796900 ms  DeleteObjects: 0.093700 ms)

AssetImportParameters requested are different than current active one (requested -> active):
  custom:video-decoder-ogg-theora: a1e56fd34408186e4bbccfd4996cb3dc -> 
  custom:container-muxer-webm: aa71ff27fc2769a1b78a27578f13a17b -> 
  custom:container-demuxer-webm: 4f35f7cbe854078d1ac9338744f61a02 -> 
  custom:video-encoder-webm-vp8: eb34c28f22e8b96e1ab97ce403110664 -> 
  custom:video-codec-MediaFoundation-h265: 746d11721c4dcdbdad8f713fa42b33f4 -> 
  custom:audio-encoder-webm-vorbis: bf7c407c2cedff20999df2af8eb42d56 -> 
  custom:framework-win-MediaFoundation: 216162199b28c13a410421893ffa2e32 -> 
  custom:container-demuxer-ogg: 62fdf1f143b41e24485cea50d1cbac27 -> 
  custom:video-decoder-webm-vp8: 9c59270c3fd7afecdb556c50c9e8de78 -> 
  custom:audio-decoder-ogg-vorbis: bf7c407c2cedff20999df2af8eb42d56 -> 
========================================================================
Received Import Request.
  Time since last request: 257.988202 seconds.
  path: Assets/Scenes
  artifactKey: Guid(315f4c0957db7f846a869fe702eaf646) Importer(815301076,1909f56bfc062723c751e8b465ee728b)
Start importing Assets/Scenes using Guid(315f4c0957db7f846a869fe702eaf646) Importer(815301076,1909f56bfc062723c751e8b465ee728b)  -> (artifact id: '0f2d6ee079cf9ea01174c0f50985eaa2') in 0.005031 seconds 
========================================================================
Received Import Request.
  Time since last request: 1.834531 seconds.
  path: Assets/Scenes/Title.unity
  artifactKey: Guid(cb700e87aedab664588ac00195d73a24) Importer(815301076,1909f56bfc062723c751e8b465ee728b)
Start importing Assets/Scenes/Title.unity using Guid(cb700e87aedab664588ac00195d73a24) Importer(815301076,1909f56bfc062723c751e8b465ee728b)  -> (artifact id: 'e26624fb98e1f2c314fb4f2fe6c23f2c') in 0.001984 seconds 
========================================================================
Received Import Request.
  Time since last request: 23.651919 seconds.
  path: Assets/UI/Raccoon title.jpg
  artifactKey: Guid(bd93d92aa8d8153449cf3ccff689df23) Importer(815301076,1909f56bfc062723c751e8b465ee728b)
Start importing Assets/UI/Raccoon title.jpg using Guid(bd93d92aa8d8153449cf3ccff689df23) Importer(815301076,1909f56bfc062723c751e8b465ee728b)  -> (artifact id: '409b9ba92416c1fe07acaafe23215a96') in 0.031393 seconds 
========================================================================
Received Import Request.
  Time since last request: 83.183282 seconds.
  path: Assets/UI
  artifactKey: Guid(909c04fa463417045bb4044423f42cf3) Importer(815301076,1909f56bfc062723c751e8b465ee728b)
Start importing Assets/UI using Guid(909c04fa463417045bb4044423f42cf3) Importer(815301076,1909f56bfc062723c751e8b465ee728b)  -> (artifact id: 'd368cd3d5f4859952eec1104c7246163') in 0.002733 seconds 
========================================================================
Received Import Request.
  Time since last request: 0.000043 seconds.
  path: Assets/UI/Raccoon title.jpg
  artifactKey: Guid(bd93d92aa8d8153449cf3ccff689df23) Importer(815301076,1909f56bfc062723c751e8b465ee728b)
Start importing Assets/UI/Raccoon title.jpg using Guid(bd93d92aa8d8153449cf3ccff689df23) Importer(815301076,1909f56bfc062723c751e8b465ee728b)  -> (artifact id: 'df7398f708e3a08654c2d7636f3364bd') in 0.128294 seconds 
========================================================================
Received Import Request.
  Time since last request: 15.545371 seconds.
  path: Assets/UI
  artifactKey: Guid(909c04fa463417045bb4044423f42cf3) Importer(815301076,1909f56bfc062723c751e8b465ee728b)
Start importing Assets/UI using Guid(909c04fa463417045bb4044423f42cf3) Importer(815301076,1909f56bfc062723c751e8b465ee728b)  -> (artifact id: 'f8d3cd514881391319f8b6f7e1b218ca') in 0.001164 seconds 
========================================================================
Received Import Request.
  Time since last request: 0.071181 seconds.
  path: Assets/UI/Raccoon- Ui(1).jpg
  artifactKey: Guid(930eec33412930a4d90c41a6e196161e) Importer(815301076,1909f56bfc062723c751e8b465ee728b)
Start importing Assets/UI/Raccoon- Ui(1).jpg using Guid(930eec33412930a4d90c41a6e196161e) Importer(815301076,1909f56bfc062723c751e8b465ee728b)  -> (artifact id: '042bdf4936bf3160da8d275e1f8090e1') in 0.020754 seconds 
========================================================================
Received Import Request.
  Time since last request: 0.000032 seconds.
  path: Assets/UI/Raccoon- Ui.jpg
  artifactKey: Guid(1d2d4bc0cab82c240805037b3a18cab0) Importer(815301076,1909f56bfc062723c751e8b465ee728b)
Start importing Assets/UI/Raccoon- Ui.jpg using Guid(1d2d4bc0cab82c240805037b3a18cab0) Importer(815301076,1909f56bfc062723c751e8b465ee728b)  -> (artifact id: '78681518774758851a5747ddf154fb6b') in 0.035349 seconds 
========================================================================
Received Import Request.
  Time since last request: 0.000034 seconds.
  path: Assets/UI/Raccoon- Ui(3).jpg
  artifactKey: Guid(f6b188375dac1014588c2f55d7422c79) Importer(815301076,1909f56bfc062723c751e8b465ee728b)
Start importing Assets/UI/Raccoon- Ui(3).jpg using Guid(f6b188375dac1014588c2f55d7422c79) Importer(815301076,1909f56bfc062723c751e8b465ee728b)  -> (artifact id: '49509496ae45cfd532b21fb434112a42') in 0.034434 seconds 
========================================================================
Received Import Request.
  Time since last request: 0.000037 seconds.
  path: Assets/UI/Raccoon- Ui(4).jpg
  artifactKey: Guid(60574820882644b4f9415131ab37ad11) Importer(815301076,1909f56bfc062723c751e8b465ee728b)
Start importing Assets/UI/Raccoon- Ui(4).jpg using Guid(60574820882644b4f9415131ab37ad11) Importer(815301076,1909f56bfc062723c751e8b465ee728b)  -> (artifact id: '763ede227a4ed37c960644a83edd5505') in 0.019896 seconds 
========================================================================
Received Prepare
Registering precompiled user dll's ...
Registered in 0.003866 seconds.
Begin MonoManager ReloadAssembly
Symbol file LoadedFromMemory doesn't match image C:\Users\pinkt\Documents\GitHub\Racoon2\Raccoon\Library\PackageCache\com.unity.visualscripting@1.8.0\Editor\VisualScripting.Core\Dependencies\YamlDotNet\Unity.VisualScripting.YamlDotNet.dll
Symbol file LoadedFromMemory doesn't match image C:\Users\pinkt\Documents\GitHub\Racoon2\Raccoon\Library\PackageCache\com.unity.visualscripting@1.8.0\Editor\VisualScripting.Core\Dependencies\DotNetZip\Unity.VisualScripting.IonicZip.dll
Native extension for WindowsStandalone target not found
Native extension for Android target not found
Native extension for OSXStandalone target not found
Native extension for WebGL target not found
Refreshing native plugins compatible for Editor in 0.45 ms, found 3 plugins.
Preloading 0 native plugins for Editor in 0.00 ms.
Mono: successfully reloaded assembly
- Completed reload, in  0.729 seconds
Domain Reload Profiling:
	ReloadAssembly (730ms)
		BeginReloadAssembly (103ms)
			ExecutionOrderSort (0ms)
			DisableScriptedObjects (3ms)
			BackupInstance (0ms)
			ReleaseScriptingObjects (0ms)
			CreateAndSetChildDomain (27ms)
		EndReloadAssembly (552ms)
			LoadAssemblies (65ms)
			RebuildTransferFunctionScriptingTraits (0ms)
			SetupTypeCache (177ms)
			ReleaseScriptCaches (1ms)
			RebuildScriptCaches (30ms)
			SetupLoadedEditorAssemblies (235ms)
				LogAssemblyErrors (0ms)
				InitializePlatformSupportModulesInManaged (22ms)
				SetLoadedEditorAssemblies (0ms)
				RefreshPlugins (1ms)
				BeforeProcessingInitializeOnLoad (42ms)
				ProcessInitializeOnLoadAttributes (150ms)
				ProcessInitializeOnLoadMethodAttributes (14ms)
				AfterProcessingInitializeOnLoad (6ms)
				EditorAssembliesLoaded (0ms)
			ExecutionOrderSort2 (0ms)
			AwakeInstancesAfterBackupRestoration (6ms)
Platform modules already initialized, skipping
Refreshing native plugins compatible for Editor in 2.09 ms, found 3 plugins.
Preloading 0 native plugins for Editor in 0.00 ms.
Unloading 3247 Unused Serialized files (Serialized files now loaded: 0)
Unloading 18 unused Assets / (150.7 KB). Loaded Objects now: 3775.
Memory consumption went from 132.8 MB to 132.7 MB.
Total: 3.406900 ms (FindLiveObjects: 0.190400 ms CreateObjectMapping: 0.095600 ms MarkObjects: 2.990500 ms  DeleteObjects: 0.129000 ms)

AssetImportParameters requested are different than current active one (requested -> active):
  custom:video-decoder-ogg-theora: a1e56fd34408186e4bbccfd4996cb3dc -> 
  custom:container-muxer-webm: aa71ff27fc2769a1b78a27578f13a17b -> 
  custom:container-demuxer-webm: 4f35f7cbe854078d1ac9338744f61a02 -> 
  custom:video-encoder-webm-vp8: eb34c28f22e8b96e1ab97ce403110664 -> 
  custom:video-codec-MediaFoundation-h265: 746d11721c4dcdbdad8f713fa42b33f4 -> 
  custom:audio-encoder-webm-vorbis: bf7c407c2cedff20999df2af8eb42d56 -> 
  custom:framework-win-MediaFoundation: 216162199b28c13a410421893ffa2e32 -> 
  custom:container-demuxer-ogg: 62fdf1f143b41e24485cea50d1cbac27 -> 
  custom:video-decoder-webm-vp8: 9c59270c3fd7afecdb556c50c9e8de78 -> 
  custom:audio-decoder-ogg-vorbis: bf7c407c2cedff20999df2af8eb42d56 -> 
========================================================================
Received Import Request.
  Time since last request: 32.913317 seconds.
  path: Assets/RacoonFriesYikesV2 1/ReflectionProbe-0.exr
  artifactKey: Guid(6252ac1289119d24aae67dc0969163c8) Importer(815301076,1909f56bfc062723c751e8b465ee728b)
Start importing Assets/RacoonFriesYikesV2 1/ReflectionProbe-0.exr using Guid(6252ac1289119d24aae67dc0969163c8) Importer(815301076,1909f56bfc062723c751e8b465ee728b)  -> (artifact id: 'f3fcd2f382b135ffa80b18c937ec0849') in 0.043668 seconds 
========================================================================
Received Import Request.
  Time since last request: 0.702171 seconds.
  path: Assets/RacoonFriesYikesV2/NavMesh.asset
  artifactKey: Guid(4e30242df9f0e1d438b0c927392fa408) Importer(815301076,1909f56bfc062723c751e8b465ee728b)
Start importing Assets/RacoonFriesYikesV2/NavMesh.asset using Guid(4e30242df9f0e1d438b0c927392fa408) Importer(815301076,1909f56bfc062723c751e8b465ee728b)  -> (artifact id: 'f674a1eb985f1c730ea051d69e17a34c') in 0.005168 seconds 
========================================================================
Received Import Request.
  Time since last request: 0.450147 seconds.
  path: Assets/Decorations/bench_1_v_2.fbx
  artifactKey: Guid(119998b4b71309b4797177897219b79c) Importer(815301076,1909f56bfc062723c751e8b465ee728b)
Start importing Assets/Decorations/bench_1_v_2.fbx using Guid(119998b4b71309b4797177897219b79c) Importer(815301076,1909f56bfc062723c751e8b465ee728b)  -> (artifact id: '3509570968d2839a938801667fc99973') in 0.049050 seconds 
========================================================================
Received Import Request.
  Time since last request: 0.000021 seconds.
  path: Assets/Decorations/car_blue.fbx
  artifactKey: Guid(98b8e61a42070a540a048a44e550f812) Importer(815301076,1909f56bfc062723c751e8b465ee728b)
Start importing Assets/Decorations/car_blue.fbx using Guid(98b8e61a42070a540a048a44e550f812) Importer(815301076,1909f56bfc062723c751e8b465ee728b)  -> (artifact id: 'c7effa81c74555d5a432de6cd52451eb') in 0.032195 seconds 
========================================================================
Received Import Request.
  Time since last request: 0.000025 seconds.
  path: Assets/Decorations/road_v_3.fbx
  artifactKey: Guid(0cb0dc0a38702cb499cce153d520c3f5) Importer(815301076,1909f56bfc062723c751e8b465ee728b)
Start importing Assets/Decorations/road_v_3.fbx using Guid(0cb0dc0a38702cb499cce153d520c3f5) Importer(815301076,1909f56bfc062723c751e8b465ee728b)  -> (artifact id: 'f398ae05841df2cb208233b730f25c51') in 0.019565 seconds 
========================================================================
Received Import Request.
  Time since last request: 0.000024 seconds.
  path: Assets/Decorations/car_green.fbx
  artifactKey: Guid(d5b6d350b0446fd4bb81980150a0507e) Importer(815301076,1909f56bfc062723c751e8b465ee728b)
Start importing Assets/Decorations/car_green.fbx using Guid(d5b6d350b0446fd4bb81980150a0507e) Importer(815301076,1909f56bfc062723c751e8b465ee728b)  -> (artifact id: 'fb57ded5d9ce4834f0f3139b3875c1cd') in 0.014351 seconds 
========================================================================
Received Import Request.
  Time since last request: 0.000019 seconds.
  path: Assets/Decorations/tree_2.fbx
  artifactKey: Guid(1f1d790200b479d44b71528a4d59cf95) Importer(815301076,1909f56bfc062723c751e8b465ee728b)
Start importing Assets/Decorations/tree_2.fbx using Guid(1f1d790200b479d44b71528a4d59cf95) Importer(815301076,1909f56bfc062723c751e8b465ee728b)  -> (artifact id: 'e83be5e7f23749dfb6617fea448849c1') in 0.025158 seconds 
========================================================================
Received Import Request.
  Time since last request: 0.000017 seconds.
  path: Assets/Decorations/sign_1.004.fbx
  artifactKey: Guid(8b54eecba4ddca440adffcc154a19ab1) Importer(815301076,1909f56bfc062723c751e8b465ee728b)
Start importing Assets/Decorations/sign_1.004.fbx using Guid(8b54eecba4ddca440adffcc154a19ab1) Importer(815301076,1909f56bfc062723c751e8b465ee728b)  -> (artifact id: '7e7ff260570e6a59aa99bacab9861404') in 0.017490 seconds 
========================================================================
Received Import Request.
  Time since last request: 0.000017 seconds.
  path: Assets/Decorations/bench_2_v_3.fbx
  artifactKey: Guid(8d099d309566e4d4fabf0a167d269e1d) Importer(815301076,1909f56bfc062723c751e8b465ee728b)
Start importing Assets/Decorations/bench_2_v_3.fbx using Guid(8d099d309566e4d4fabf0a167d269e1d) Importer(815301076,1909f56bfc062723c751e8b465ee728b)  -> (artifact id: '1af0b51685391d039f90bb5e73e8a875') in 0.024396 seconds 
========================================================================
Received Import Request.
  Time since last request: 0.000020 seconds.
  path: Assets/Decorations/road_stop.fbx
  artifactKey: Guid(bc014c26716b82a4dba4ae3c3bbf1d0b) Importer(815301076,1909f56bfc062723c751e8b465ee728b)
Start importing Assets/Decorations/road_stop.fbx using Guid(bc014c26716b82a4dba4ae3c3bbf1d0b) Importer(815301076,1909f56bfc062723c751e8b465ee728b)  -> (artifact id: '45cbfb224d1e39098fb3818774ce5721') in 0.020446 seconds 
========================================================================
Received Import Request.
  Time since last request: 0.000019 seconds.
  path: Assets/Decorations/bench_2_v_2.fbx
  artifactKey: Guid(ccc418124eae89c46bfbf5ab529e24a5) Importer(815301076,1909f56bfc062723c751e8b465ee728b)
Start importing Assets/Decorations/bench_2_v_2.fbx using Guid(ccc418124eae89c46bfbf5ab529e24a5) Importer(815301076,1909f56bfc062723c751e8b465ee728b)  -> (artifact id: 'dffb9e4d4b7c51ce96e12606ed7c5327') in 0.022592 seconds 
========================================================================
Received Import Request.
  Time since last request: 0.000018 seconds.
  path: Assets/Decorations/road_v_2.fbx
  artifactKey: Guid(cb9a2a7a5af1c264f906dc5d6ef863c5) Importer(815301076,1909f56bfc062723c751e8b465ee728b)
Start importing Assets/Decorations/road_v_2.fbx using Guid(cb9a2a7a5af1c264f906dc5d6ef863c5) Importer(815301076,1909f56bfc062723c751e8b465ee728b)  -> (artifact id: 'aeb80754513c75ce175218b727c3152d') in 0.024092 seconds 
========================================================================
Received Import Request.
  Time since last request: 0.000021 seconds.
  path: Assets/Decorations/road_intersection_T.fbx
  artifactKey: Guid(8bcfdd1caed6d2a488dcdc220b13f8cb) Importer(815301076,1909f56bfc062723c751e8b465ee728b)
Start importing Assets/Decorations/road_intersection_T.fbx using Guid(8bcfdd1caed6d2a488dcdc220b13f8cb) Importer(815301076,1909f56bfc062723c751e8b465ee728b)  -> (artifact id: 'b7e0acd3131cdb8e86aaf50a85f6b85d') in 0.056483 seconds 
========================================================================
Received Import Request.
  Time since last request: 0.000024 seconds.
  path: Assets/Decorations/tree_7.fbx
  artifactKey: Guid(c9cfba535676c5746aea07a0f248194b) Importer(815301076,1909f56bfc062723c751e8b465ee728b)
Start importing Assets/Decorations/tree_7.fbx using Guid(c9cfba535676c5746aea07a0f248194b) Importer(815301076,1909f56bfc062723c751e8b465ee728b)  -> (artifact id: '5795f8eceeb9f85c9d482ce7eb847a21') in 0.010400 seconds 
========================================================================
Received Import Request.
  Time since last request: 0.000034 seconds.
  path: Assets/Decorations/tree_1.fbx
  artifactKey: Guid(0001ef2c9558aba49a7eb3ef1ad3b64d) Importer(815301076,1909f56bfc062723c751e8b465ee728b)
Start importing Assets/Decorations/tree_1.fbx using Guid(0001ef2c9558aba49a7eb3ef1ad3b64d) Importer(815301076,1909f56bfc062723c751e8b465ee728b)  -> (artifact id: 'd5aecbd19c8d18e440832321dc915ab4') in 0.014046 seconds 
========================================================================
Received Import Request.
  Time since last request: 0.000028 seconds.
  path: Assets/Decorations/street_lamp_1.fbx
  artifactKey: Guid(e05292a117908484b8f0bb664bf154ff) Importer(815301076,1909f56bfc062723c751e8b465ee728b)
Start importing Assets/Decorations/street_lamp_1.fbx using Guid(e05292a117908484b8f0bb664bf154ff) Importer(815301076,1909f56bfc062723c751e8b465ee728b)  -> (artifact id: 'b67123f0306e9e63d025d8d0a1dca55f') in 0.009390 seconds 
========================================================================
Received Import Request.
  Time since last request: 0.774435 seconds.
  path: Assets/3D/Building_Extra.obj
  artifactKey: Guid(24c3d8721d6c35e42bd0b8be109e80b4) Importer(815301076,1909f56bfc062723c751e8b465ee728b)
Start importing Assets/3D/Building_Extra.obj using Guid(24c3d8721d6c35e42bd0b8be109e80b4) Importer(815301076,1909f56bfc062723c751e8b465ee728b)  -> (artifact id: 'de26e919bb2ac6a6dab7865af354cb96') in 0.047320 seconds 
========================================================================
Received Import Request.
  Time since last request: 0.000023 seconds.
  path: Assets/3D/Large_Trash.obj
  artifactKey: Guid(427a4325c3961884da457cf7a01107de) Importer(815301076,1909f56bfc062723c751e8b465ee728b)
Start importing Assets/3D/Large_Trash.obj using Guid(427a4325c3961884da457cf7a01107de) Importer(815301076,1909f56bfc062723c751e8b465ee728b)  -> (artifact id: 'a24c0705662d1ec62d21a53b279723aa') in 0.024452 seconds 
========================================================================
Received Import Request.
  Time since last request: 0.000029 seconds.
  path: Assets/3D/Trashcan.obj
  artifactKey: Guid(6c3323284983bc541b4046f1bc8401ae) Importer(815301076,1909f56bfc062723c751e8b465ee728b)
Start importing Assets/3D/Trashcan.obj using Guid(6c3323284983bc541b4046f1bc8401ae) Importer(815301076,1909f56bfc062723c751e8b465ee728b)  -> (artifact id: '7d7189cb7a7efdc76e1e234072a47ea4') in 0.019529 seconds 
========================================================================
Received Import Request.
  Time since last request: 0.000026 seconds.
  path: Assets/3D/Fry_Container.obj
  artifactKey: Guid(835d1326338575c4c8f9e145a36392f0) Importer(815301076,1909f56bfc062723c751e8b465ee728b)
Start importing Assets/3D/Fry_Container.obj using Guid(835d1326338575c4c8f9e145a36392f0) Importer(815301076,1909f56bfc062723c751e8b465ee728b)  -> (artifact id: 'dc39a5bb0c993bcd77616086befd58b4') in 0.020164 seconds 
========================================================================
Received Import Request.
  Time since last request: 0.000019 seconds.
  path: Assets/3D/Casual.fbx
  artifactKey: Guid(8ca689a7c3524f84b9469957af8fb15f) Importer(815301076,1909f56bfc062723c751e8b465ee728b)
Start importing Assets/3D/Casual.fbx using Guid(8ca689a7c3524f84b9469957af8fb15f) Importer(815301076,1909f56bfc062723c751e8b465ee728b)  -> (artifact id: '5044105f60f07609089cdb296904a39f') in 0.069699 seconds 
========================================================================
Received Prepare
Registering precompiled user dll's ...
Registered in 0.003909 seconds.
Begin MonoManager ReloadAssembly
Symbol file LoadedFromMemory doesn't match image C:\Users\pinkt\Documents\GitHub\Racoon2\Raccoon\Library\PackageCache\com.unity.visualscripting@1.8.0\Editor\VisualScripting.Core\Dependencies\YamlDotNet\Unity.VisualScripting.YamlDotNet.dll
Symbol file LoadedFromMemory doesn't match image C:\Users\pinkt\Documents\GitHub\Racoon2\Raccoon\Library\PackageCache\com.unity.visualscripting@1.8.0\Editor\VisualScripting.Core\Dependencies\DotNetZip\Unity.VisualScripting.IonicZip.dll
Native extension for WindowsStandalone target not found
Native extension for Android target not found
Native extension for OSXStandalone target not found
Native extension for WebGL target not found
Refreshing native plugins compatible for Editor in 0.57 ms, found 3 plugins.
Preloading 0 native plugins for Editor in 0.00 ms.
Mono: successfully reloaded assembly
- Completed reload, in  0.786 seconds
Domain Reload Profiling:
	ReloadAssembly (787ms)
		BeginReloadAssembly (101ms)
			ExecutionOrderSort (0ms)
			DisableScriptedObjects (3ms)
			BackupInstance (0ms)
			ReleaseScriptingObjects (0ms)
			CreateAndSetChildDomain (27ms)
		EndReloadAssembly (609ms)
			LoadAssemblies (65ms)
			RebuildTransferFunctionScriptingTraits (0ms)
			SetupTypeCache (198ms)
			ReleaseScriptCaches (1ms)
			RebuildScriptCaches (34ms)
			SetupLoadedEditorAssemblies (241ms)
				LogAssemblyErrors (0ms)
				InitializePlatformSupportModulesInManaged (26ms)
				SetLoadedEditorAssemblies (0ms)
				RefreshPlugins (1ms)
				BeforeProcessingInitializeOnLoad (47ms)
				ProcessInitializeOnLoadAttributes (146ms)
				ProcessInitializeOnLoadMethodAttributes (14ms)
				AfterProcessingInitializeOnLoad (8ms)
				EditorAssembliesLoaded (0ms)
			ExecutionOrderSort2 (0ms)
			AwakeInstancesAfterBackupRestoration (5ms)
Platform modules already initialized, skipping
Refreshing native plugins compatible for Editor in 2.19 ms, found 3 plugins.
Preloading 0 native plugins for Editor in 0.00 ms.
Unloading 3247 Unused Serialized files (Serialized files now loaded: 0)
Unloading 18 unused Assets / (150.8 KB). Loaded Objects now: 3829.
Memory consumption went from 133.6 MB to 133.4 MB.
Total: 2.879700 ms (FindLiveObjects: 0.253500 ms CreateObjectMapping: 0.132800 ms MarkObjects: 2.326600 ms  DeleteObjects: 0.165300 ms)

AssetImportParameters requested are different than current active one (requested -> active):
  custom:video-decoder-ogg-theora: a1e56fd34408186e4bbccfd4996cb3dc -> 
  custom:container-muxer-webm: aa71ff27fc2769a1b78a27578f13a17b -> 
  custom:container-demuxer-webm: 4f35f7cbe854078d1ac9338744f61a02 -> 
  custom:video-encoder-webm-vp8: eb34c28f22e8b96e1ab97ce403110664 -> 
  custom:video-codec-MediaFoundation-h265: 746d11721c4dcdbdad8f713fa42b33f4 -> 
  custom:audio-encoder-webm-vorbis: bf7c407c2cedff20999df2af8eb42d56 -> 
  custom:framework-win-MediaFoundation: 216162199b28c13a410421893ffa2e32 -> 
  custom:container-demuxer-ogg: 62fdf1f143b41e24485cea50d1cbac27 -> 
  custom:video-decoder-webm-vp8: 9c59270c3fd7afecdb556c50c9e8de78 -> 
  custom:audio-decoder-ogg-vorbis: bf7c407c2cedff20999df2af8eb42d56 -> 
Editor requested this worker to shutdown with reason: Scaling down because of idle timeout
AssetImportWorker is now disconnected from the server
Process exiting
Exiting without the bug reporter. Application will terminate with return code 0